<?xml version="1.0" encoding="UTF-8"?>
<coverage generated="1592640047">
  <project timestamp="1592640047">
    <package name="KEINOS\KVSQLite3">
      <file name="/workspaces/KVSQLite3/src/classes/KVSQLite3.php">
        <class name="KEINOS\KVSQLite3\KVSQLite3" namespace="KEINOS\KVSQLite3">
          <metrics complexity="19" methods="10" coveredmethods="4" conditionals="0" coveredconditionals="0" statements="38" coveredstatements="20" elements="48" coveredelements="24"/>
        </class>
        <line num="24" type="method" name="__construct" visibility="public" complexity="3" crap="3" count="65"/>
        <line num="27" type="stmt" count="65"/>
        <line num="28" type="stmt" count="38"/>
        <line num="29" type="stmt" count="38"/>
        <line num="31" type="stmt" count="65"/>
        <line num="32" type="stmt" count="65"/>
        <line num="33" type="stmt" count="1"/>
        <line num="34" type="stmt" count="1"/>
        <line num="35" type="stmt" count="1"/>
        <line num="37" type="stmt" count="64"/>
        <line num="39" type="method" name="clear" visibility="public" complexity="2" crap="6.00" count="0"/>
        <line num="41" type="stmt" count="0"/>
        <line num="42" type="stmt" count="0"/>
        <line num="44" type="stmt" count="0"/>
        <line num="47" type="method" name="delete" visibility="public" complexity="1" crap="1" count="6"/>
        <line num="49" type="stmt" count="6"/>
        <line num="52" type="method" name="deleteMultiple" visibility="public" complexity="2" crap="6.00" count="0"/>
        <line num="54" type="stmt" count="0"/>
        <line num="55" type="stmt" count="0"/>
        <line num="56" type="stmt" count="0"/>
        <line num="58" type="stmt" count="0"/>
        <line num="61" type="method" name="get" visibility="public" complexity="4" crap="4.13" count="33"/>
        <line num="65" type="stmt" count="33"/>
        <line num="66" type="stmt" count="21"/>
        <line num="67" type="stmt" count="15"/>
        <line num="68" type="stmt" count="0"/>
        <line num="69" type="stmt" count="0"/>
        <line num="71" type="stmt" count="15"/>
        <line num="72" type="stmt" count="15"/>
        <line num="73" type="stmt" count="12"/>
        <line num="74" type="stmt" count="12"/>
        <line num="76" type="stmt" count="9"/>
        <line num="80" type="method" name="getMultiple" visibility="public" complexity="2" crap="6.00" count="0"/>
        <line num="82" type="stmt" count="0"/>
        <line num="83" type="stmt" count="0"/>
        <line num="84" type="stmt" count="0"/>
        <line num="87" type="stmt" count="0"/>
        <line num="90" type="method" name="has" visibility="public" complexity="1" crap="2.00" count="0"/>
        <line num="92" type="stmt" count="0"/>
        <line num="95" type="method" name="set" visibility="public" complexity="1" crap="1" count="30"/>
        <line num="97" type="stmt" count="30"/>
        <line num="100" type="method" name="setMultiple" visibility="public" complexity="2" crap="6.00" count="0"/>
        <line num="102" type="stmt" count="0"/>
        <line num="103" type="stmt" count="0"/>
        <line num="104" type="stmt" count="0"/>
        <line num="107" type="stmt" count="0"/>
        <line num="110" type="method" name="parrotry" visibility="public" complexity="1" crap="1" count="12"/>
        <line num="112" type="stmt" count="12"/>
        <metrics loc="114" ncloc="105" classes="1" methods="10" coveredmethods="4" conditionals="0" coveredconditionals="0" statements="38" coveredstatements="20" elements="48" coveredelements="24"/>
      </file>
      <file name="/workspaces/KVSQLite3/src/classes/KVSQLite3Methods.php">
        <class name="KVSQLite3Methods" namespace="KEINOS\KVSQLite3">
          <metrics complexity="42" methods="18" coveredmethods="9" conditionals="0" coveredconditionals="0" statements="110" coveredstatements="77" elements="128" coveredelements="86"/>
        </class>
        <line num="39" type="method" name="convertTtlToSeconds" visibility="private" complexity="6" crap="17.95" count="12"/>
        <line num="41" type="stmt" count="12"/>
        <line num="42" type="stmt" count="0"/>
        <line num="45" type="stmt" count="12"/>
        <line num="46" type="stmt" count="0"/>
        <line num="49" type="stmt" count="12"/>
        <line num="50" type="stmt" count="12"/>
        <line num="56" type="stmt" count="0"/>
        <line num="58" type="stmt" count="0"/>
        <line num="59" type="stmt" count="0"/>
        <line num="63" type="stmt" count="0"/>
        <line num="64" type="stmt" count="0"/>
        <line num="65" type="stmt" count="0"/>
        <line num="66" type="stmt" count="0"/>
        <line num="90" type="method" name="createTable" visibility="private" complexity="1" crap="1" count="65"/>
        <line num="93" type="stmt" count="65"/>
        <line num="98" type="stmt" count="65"/>
        <line num="100" type="stmt" count="65"/>
        <line num="101" type="stmt" count="65"/>
        <line num="102" type="stmt" count="64"/>
        <line num="112" type="method" name="decodeData" visibility="private" complexity="1" crap="1" count="29"/>
        <line num="114" type="stmt" count="29"/>
        <line num="126" type="method" name="deleteValueFromDB" visibility="private" complexity="2" crap="2.35" count="6"/>
        <line num="128" type="stmt" count="6"/>
        <line num="129" type="stmt" count="6"/>
        <line num="131" type="stmt" count="6"/>
        <line num="133" type="stmt" count="6"/>
        <line num="134" type="stmt" count="6"/>
        <line num="135" type="stmt" count="0"/>
        <line num="136" type="stmt" count="0"/>
        <line num="137" type="stmt" count="0"/>
        <line num="138" type="stmt" count="0"/>
        <line num="154" type="method" name="encodeData" visibility="private" complexity="1" crap="1" count="35"/>
        <line num="156" type="stmt" count="35"/>
        <line num="169" type="method" name="executeQuery" visibility="private" complexity="3" crap="3.18" count="65"/>
        <line num="171" type="stmt" count="65"/>
        <line num="172" type="stmt" count="0"/>
        <line num="173" type="stmt" count="0"/>
        <line num="174" type="stmt" count="0"/>
        <line num="178" type="stmt" count="65"/>
        <line num="179" type="stmt" count="1"/>
        <line num="180" type="stmt" count="1"/>
        <line num="181" type="stmt" count="1"/>
        <line num="182" type="stmt" count="1"/>
        <line num="183" type="stmt" count="1"/>
        <line num="185" type="stmt" count="64"/>
        <line num="194" type="method" name="formatMessageExceptionError" visibility="private" complexity="3" crap="3" count="13"/>
        <line num="196" type="stmt" count="13"/>
        <line num="197" type="stmt" count="13"/>
        <line num="198" type="stmt" count="13"/>
        <line num="199" type="stmt" count="13"/>
        <line num="200" type="stmt" count="13"/>
        <line num="202" type="stmt" count="13"/>
        <line num="204" type="stmt" count="13"/>
        <line num="210" type="method" name="getLifeTimeDefault" visibility="private" complexity="1" crap="2.00" count="0"/>
        <line num="212" type="stmt" count="0"/>
        <line num="218" type="method" name="getMsgErrorInvalidKey" visibility="private" complexity="1" crap="1" count="6"/>
        <line num="221" type="stmt" count="6"/>
        <line num="231" type="method" name="getNameTableDefault" visibility="private" complexity="1" crap="1" count="33"/>
        <line num="233" type="stmt" count="33"/>
        <line num="244" type="method" name="getValueFromDB" visibility="private" complexity="7" crap="9.45" count="33"/>
        <line num="246" type="stmt" count="33"/>
        <line num="247" type="stmt" count="0"/>
        <line num="250" type="stmt" count="33"/>
        <line num="251" type="stmt" count="33"/>
        <line num="253" type="stmt" count="33"/>
        <line num="254" type="stmt" count="33"/>
        <line num="256" type="stmt" count="24"/>
        <line num="257" type="stmt" count="0"/>
        <line num="260" type="stmt" count="24"/>
        <line num="261" type="stmt" count="0"/>
        <line num="262" type="stmt" count="0"/>
        <line num="263" type="stmt" count="0"/>
        <line num="264" type="stmt" count="0"/>
        <line num="267" type="stmt" count="24"/>
        <line num="268" type="stmt" count="0"/>
        <line num="271" type="stmt" count="24"/>
        <line num="272" type="stmt" count="9"/>
        <line num="273" type="stmt" count="3"/>
        <line num="277" type="stmt" count="21"/>
        <line num="299" type="method" name="hashKeyToRowID" visibility="private" complexity="1" crap="1" count="34"/>
        <line num="301" type="stmt" count="34"/>
        <line num="302" type="stmt" count="34"/>
        <line num="303" type="stmt" count="34"/>
        <line num="305" type="stmt" count="34"/>
        <line num="320" type="method" name="isCompliantKey" visibility="private" complexity="2" crap="2.50" count="36"/>
        <line num="322" type="stmt" count="36"/>
        <line num="323" type="stmt" count="0"/>
        <line num="324" type="stmt" count="0"/>
        <line num="327" type="stmt" count="36"/>
        <line num="344" type="method" name="isCompliantString" visibility="private" complexity="2" crap="2" count="40"/>
        <line num="347" type="stmt" count="40"/>
        <line num="349" type="stmt" count="40"/>
        <line num="350" type="stmt" count="6"/>
        <line num="351" type="stmt" count="6"/>
        <line num="354" type="stmt" count="34"/>
        <line num="361" type="method" name="isDBInMemory" visibility="private" complexity="1" crap="2.00" count="0"/>
        <line num="363" type="stmt" count="0"/>
        <line num="373" type="method" name="openDB" visibility="private" complexity="1" crap="1" count="65"/>
        <line num="375" type="stmt" count="65"/>
        <line num="376" type="stmt" count="65"/>
        <line num="377" type="stmt" count="65"/>
        <line num="387" type="method" name="requestQuery" visibility="private" complexity="4" crap="4.10" count="33"/>
        <line num="389" type="stmt" count="33"/>
        <line num="390" type="stmt" count="0"/>
        <line num="394" type="stmt" count="33"/>
        <line num="396" type="stmt" count="33"/>
        <line num="397" type="stmt" count="12"/>
        <line num="398" type="stmt" count="12"/>
        <line num="399" type="stmt" count="12"/>
        <line num="400" type="stmt" count="12"/>
        <line num="403" type="stmt" count="24"/>
        <line num="404" type="stmt" count="0"/>
        <line num="407" type="stmt" count="24"/>
        <line num="423" type="method" name="setValueToDB" visibility="private" complexity="4" crap="4.47" count="30"/>
        <line num="425" type="stmt" count="30"/>
        <line num="426" type="stmt" count="0"/>
        <line num="432" type="stmt" count="27"/>
        <line num="433" type="stmt" count="27"/>
        <line num="434" type="stmt" count="27"/>
        <line num="435" type="stmt" count="27"/>
        <line num="436" type="stmt" count="27"/>
        <line num="441" type="stmt" count="27"/>
        <line num="442" type="stmt" count="27"/>
        <line num="443" type="stmt" count="0"/>
        <line num="444" type="stmt" count="0"/>
        <line num="445" type="stmt" count="0"/>
        <line num="448" type="stmt" count="27"/>
        <metrics loc="450" ncloc="239" classes="1" methods="18" coveredmethods="9" conditionals="0" coveredconditionals="0" statements="110" coveredstatements="77" elements="128" coveredelements="86"/>
      </file>
      <file name="/workspaces/KVSQLite3/src/classes/KVSQLite3Properties.php">
        <class name="KVSQLite3Properties" namespace="KEINOS\KVSQLite3">
          <metrics complexity="0" methods="0" coveredmethods="0" conditionals="0" coveredconditionals="0" statements="0" coveredstatements="0" elements="0" coveredelements="0"/>
        </class>
        <metrics loc="50" ncloc="19" classes="0" methods="0" coveredmethods="0" conditionals="0" coveredconditionals="0" statements="0" coveredstatements="0" elements="0" coveredelements="0"/>
      </file>
    </package>
    <file name="/workspaces/KVSQLite3/src/classes/KVSQLite3Interface.php">
      <metrics loc="40" ncloc="11" classes="0" methods="0" coveredmethods="0" conditionals="0" coveredconditionals="0" statements="0" coveredstatements="0" elements="0" coveredelements="0"/>
    </file>
    <file name="/workspaces/KVSQLite3/src/classes/psr-16/CacheInterface.php">
      <metrics loc="132" ncloc="22" classes="0" methods="0" coveredmethods="0" conditionals="0" coveredconditionals="0" statements="0" coveredstatements="0" elements="0" coveredelements="0"/>
    </file>
    <file name="/workspaces/KVSQLite3/src/functions.php">
      <line num="23" type="stmt" count="13"/>
      <line num="35" type="stmt" count="0"/>
      <metrics loc="36" ncloc="16" classes="0" methods="0" coveredmethods="0" conditionals="0" coveredconditionals="0" statements="2" coveredstatements="1" elements="2" coveredelements="1"/>
    </file>
    <metrics files="6" loc="822" ncloc="412" classes="2" methods="28" coveredmethods="13" conditionals="0" coveredconditionals="0" statements="150" coveredstatements="98" elements="178" coveredelements="111"/>
  </project>
</coverage>
